# JRE version: 7.0_10-b18
# Java VM: Java HotSpot(TM) 64-Bit Server VM (23.6-b04 mixed mode windows-amd64 compressed oops)
Heap
 PSYoungGen      total 514304K, used 12221K [0x00000007d5560000, 0x0000000800000000, 0x0000000800000000)
  eden space 483328K, 2% used [0x00000007d5560000,0x00000007d5edb408,0x00000007f2d60000)
  from space 30976K, 8% used [0x00000007f2d60000,0x00000007f2fd4030,0x00000007f4ba0000)
  to   space 31360K, 0% used [0x00000007fe160000,0x00000007fe160000,0x0000000800000000)
 ParOldGen       total 174784K, used 55694K [0x0000000780000000, 0x000000078aab0000, 0x00000007d5560000)
  object space 174784K, 31% used [0x0000000780000000,0x0000000783663830,0x000000078aab0000)
 PSPermGen       total 21248K, used 7890K [0x000000077ae00000, 0x000000077c2c0000, 0x0000000780000000)
  object space 21248K, 37% used [0x000000077ae00000,0x000000077b5b4b00,0x000000077c2c0000)
GC Heap History (10 events):
Event: 4.874 GC heap before
{Heap before GC invocations=6 (full 1):
 PSYoungGen      total 142080K, used 142068K [0x00000007d5560000, 0x00000007deac0000, 0x0000000800000000)
  eden space 131200K, 100% used [0x00000007d5560000,0x00000007dd580000,0x00000007dd580000)
  from space 10880K, 99% used [0x00000007de020000,0x00000007deabd180,0x00000007deac0000)
  to   space 10880K, 0% used [0x00000007dd580000,0x00000007dd580000,0x00000007de020000)
 ParOldGen       total 174784K, used 33843K [0x0000000780000000, 0x000000078aab0000, 0x00000007d5560000)
  object space 174784K, 19% used [0x0000000780000000,0x000000078210cec0,0x000000078aab0000)
 PSPermGen       total 21248K, used 7658K [0x000000077ae00000, 0x000000077c2c0000, 0x0000000780000000)
  object space 21248K, 36% used [0x000000077ae00000,0x000000077b57a9e8,0x000000077c2c0000)
Event: 4.894 GC heap after
Heap after GC invocations=6 (full 1):
 PSYoungGen      total 142080K, used 10873K [0x00000007d5560000, 0x00000007e6ae0000, 0x0000000800000000)
  eden space 131200K, 0% used [0x00000007d5560000,0x00000007d5560000,0x00000007dd580000)
  from space 10880K, 99% used [0x00000007dd580000,0x00000007de01e408,0x00000007de020000)
  to   space 10880K, 0% used [0x00000007e6040000,0x00000007e6040000,0x00000007e6ae0000)
 ParOldGen       total 174784K, used 44592K [0x0000000780000000, 0x000000078aab0000, 0x00000007d5560000)
  object space 174784K, 25% used [0x0000000780000000,0x0000000782b8c388,0x000000078aab0000)
 PSPermGen       total 21248K, used 7658K [0x000000077ae00000, 0x000000077c2c0000, 0x0000000780000000)
  object space 21248K, 36% used [0x000000077ae00000,0x000000077b57a9e8,0x000000077c2c0000)
}
Event: 5.374 GC heap before
{Heap before GC invocations=7 (full 1):
 PSYoungGen      total 142080K, used 142073K [0x00000007d5560000, 0x00000007e6ae0000, 0x0000000800000000)
  eden space 131200K, 100% used [0x00000007d5560000,0x00000007dd580000,0x00000007dd580000)
  from space 10880K, 99% used [0x00000007dd580000,0x00000007de01e408,0x00000007de020000)
  to   space 10880K, 0% used [0x00000007e6040000,0x00000007e6040000,0x00000007e6ae0000)
 ParOldGen       total 174784K, used 44592K [0x0000000780000000, 0x000000078aab0000, 0x00000007d5560000)
  object space 174784K, 25% used [0x0000000780000000,0x0000000782b8c388,0x000000078aab0000)
 PSPermGen       total 21248K, used 7770K [0x000000077ae00000, 0x000000077c2c0000, 0x0000000780000000)
  object space 21248K, 36% used [0x000000077ae00000,0x000000077b5968b8,0x000000077c2c0000)
Event: 5.388 GC heap after
Heap after GC invocations=7 (full 1):
 PSYoungGen      total 252928K, used 10873K [0x00000007d5560000, 0x00000007e92a0000, 0x0000000800000000)
  eden space 242048K, 0% used [0x00000007d5560000,0x00000007d5560000,0x00000007e41c0000)
  from space 10880K, 99% used [0x00000007e6040000,0x00000007e6ade408,0x00000007e6ae0000)
  to   space 31232K, 0% used [0x00000007e41c0000,0x00000007e41c0000,0x00000007e6040000)
 ParOldGen       total 174784K, used 44950K [0x0000000780000000, 0x000000078aab0000, 0x00000007d5560000)
  object space 174784K, 25% used [0x0000000780000000,0x0000000782be5a80,0x000000078aab0000)
 PSPermGen       total 21248K, used 7770K [0x000000077ae00000, 0x000000077c2c0000, 0x0000000780000000)
  object space 21248K, 36% used [0x000000077ae00000,0x000000077b5968b8,0x000000077c2c0000)
}
Event: 6.125 GC heap before
{Heap before GC invocations=8 (full 1):
 PSYoungGen      total 252928K, used 252921K [0x00000007d5560000, 0x00000007e92a0000, 0x0000000800000000)
  eden space 242048K, 100% used [0x00000007d5560000,0x00000007e41c0000,0x00000007e41c0000)
  from space 10880K, 99% used [0x00000007e6040000,0x00000007e6ade408,0x00000007e6ae0000)
  to   space 31232K, 0% used [0x00000007e41c0000,0x00000007e41c0000,0x00000007e6040000)
 ParOldGen       total 174784K, used 44950K [0x0000000780000000, 0x000000078aab0000, 0x00000007d5560000)
  object space 174784K, 25% used [0x0000000780000000,0x0000000782be5a80,0x000000078aab0000)
 PSPermGen       total 21248K, used 7831K [0x000000077ae00000, 0x000000077c2c0000, 0x0000000780000000)
  object space 21248K, 36% used [0x000000077ae00000,0x000000077b5a5fc0,0x000000077c2c0000)
Event: 6.141 GC heap after
Heap after GC invocations=8 (full 1):
 PSYoungGen      total 273280K, used 11945K [0x00000007d5560000, 0x00000007f6920000, 0x0000000800000000)
  eden space 242048K, 0% used [0x00000007d5560000,0x00000007d5560000,0x00000007e41c0000)
  from space 31232K, 38% used [0x00000007e41c0000,0x00000007e4d6a418,0x00000007e6040000)
  to   space 30208K, 0% used [0x00000007f4ba0000,0x00000007f4ba0000,0x00000007f6920000)
 ParOldGen       total 174784K, used 44950K [0x0000000780000000, 0x000000078aab0000, 0x00000007d5560000)
  object space 174784K, 25% used [0x0000000780000000,0x0000000782be5a80,0x000000078aab0000)
 PSPermGen       total 21248K, used 7831K [0x000000077ae00000, 0x000000077c2c0000, 0x0000000780000000)
  object space 21248K, 36% used [0x000000077ae00000,0x000000077b5a5fc0,0x000000077c2c0000)
}
Event: 6.779 GC heap before
{Heap before GC invocations=9 (full 1):
 PSYoungGen      total 273280K, used 253993K [0x00000007d5560000, 0x00000007f6920000, 0x0000000800000000)
  eden space 242048K, 100% used [0x00000007d5560000,0x00000007e41c0000,0x00000007e41c0000)
  from space 31232K, 38% used [0x00000007e41c0000,0x00000007e4d6a418,0x00000007e6040000)
  to   space 30208K, 0% used [0x00000007f4ba0000,0x00000007f4ba0000,0x00000007f6920000)
 ParOldGen       total 174784K, used 44950K [0x0000000780000000, 0x000000078aab0000, 0x00000007d5560000)
  object space 174784K, 25% used [0x0000000780000000,0x0000000782be5a80,0x000000078aab0000)
 PSPermGen       total 21248K, used 7845K [0x000000077ae00000, 0x000000077c2c0000, 0x0000000780000000)
  object space 21248K, 36% used [0x000000077ae00000,0x000000077b5a9778,0x000000077c2c0000)
Event: 6.795 GC heap after
Heap after GC invocations=9 (full 1):
 PSYoungGen      total 513536K, used 3348K [0x00000007d5560000, 0x00000007f6aa0000, 0x0000000800000000)
  eden space 483328K, 0% used [0x00000007d5560000,0x00000007d5560000,0x00000007f2d60000)
  from space 30208K, 11% used [0x00000007f4ba0000,0x00000007f4ee5298,0x00000007f6920000)
  to   space 30976K, 0% used [0x00000007f2d60000,0x00000007f2d60000,0x00000007f4ba0000)
 ParOldGen       total 174784K, used 54293K [0x0000000780000000, 0x000000078aab0000, 0x00000007d5560000)
  object space 174784K, 31% used [0x0000000780000000,0x0000000783505588,0x000000078aab0000)
 PSPermGen       total 21248K, used 7845K [0x000000077ae00000, 0x000000077c2c0000, 0x0000000780000000)
  object space 21248K, 36% used [0x000000077ae00000,0x000000077b5a9778,0x000000077c2c0000)
}
Event: 8.033 GC heap before
{Heap before GC invocations=10 (full 1):
 PSYoungGen      total 513536K, used 486676K [0x00000007d5560000, 0x00000007f6aa0000, 0x0000000800000000)
  eden space 483328K, 100% used [0x00000007d5560000,0x00000007f2d60000,0x00000007f2d60000)
  from space 30208K, 11% used [0x00000007f4ba0000,0x00000007f4ee5298,0x00000007f6920000)
  to   space 30976K, 0% used [0x00000007f2d60000,0x00000007f2d60000,0x00000007f4ba0000)
 ParOldGen       total 174784K, used 54293K [0x0000000780000000, 0x000000078aab0000, 0x00000007d5560000)
  object space 174784K, 31% used [0x0000000780000000,0x0000000783505588,0x000000078aab0000)
 PSPermGen       total 21248K, used 7890K [0x000000077ae00000, 0x000000077c2c0000, 0x0000000780000000)
  object space 21248K, 37% used [0x000000077ae00000,0x000000077b5b4b00,0x000000077c2c0000)
Event: 8.038 GC heap after
Heap after GC invocations=10 (full 1):
 PSYoungGen      total 514304K, used 2512K [0x00000007d5560000, 0x0000000800000000, 0x0000000800000000)
  eden space 483328K, 0% used [0x00000007d5560000,0x00000007d5560000,0x00000007f2d60000)
  from space 30976K, 8% used [0x00000007f2d60000,0x00000007f2fd4030,0x00000007f4ba0000)
  to   space 31360K, 0% used [0x00000007fe160000,0x00000007fe160000,0x0000000800000000)
 ParOldGen       total 174784K, used 55694K [0x0000000780000000, 0x000000078aab0000, 0x00000007d5560000)
  object space 174784K, 31% used [0x0000000780000000,0x0000000783663830,0x000000078aab0000)
 PSPermGen       total 21248K, used 7890K [0x000000077ae00000, 0x000000077c2c0000, 0x0000000780000000)
  object space 21248K, 37% used [0x000000077ae00000,0x000000077b5b4b00,0x000000077c2c0000)
}

